#
# There is insufficient memory for the Java Runtime Environment to continue.
# Native memory allocation (malloc) failed to allocate 75776 bytes for Chunk::new
# Possible reasons:
#   The system is out of physical RAM or swap space
#   The process is running with CompressedOops enabled, and the Java Heap may be blocking the growth of the native heap
# Possible solutions:
#   Reduce memory load on the system
#   Increase physical memory or swap space
#   Check if swap backing store is full
#   Decrease Java heap size (-Xmx/-Xms)
#   Decrease number of Java threads
#   Decrease Java thread stack sizes (-Xss)
#   Set larger code cache with -XX:ReservedCodeCacheSize=
#   JVM is running with Zero Based Compressed Oops mode in which the Java heap is
#     placed in the first 32GB address space. The Java Heap base address is the
#     maximum limit for the native heap growth. Please use -XX:HeapBaseMinAddress
#     to set the Java Heap base and to place the Java Heap above 32GB virtual address.
# This output file may be truncated or incomplete.
#
#  Out of Memory Error (arena.cpp:189), pid=1240, tid=23116
#
# JRE version: Java(TM) SE Runtime Environment (17.0.1+12) (build 17.0.1+12-LTS-39)
# Java VM: Java HotSpot(TM) 64-Bit Server VM (17.0.1+12-LTS-39, mixed mode, sharing, tiered, compressed oops, compressed class ptrs, g1 gc, windows-amd64)
# No core dump will be written. Minidumps are not enabled by default on client versions of Windows
#

---------------  S U M M A R Y ------------

Command Line: -Dfile.encoding=utf8 c:\Users\Samuel Girma Megra\.vscode\extensions\vscjava.vscode-gradle-3.12.6\lib\gradle-language-server.jar

Host: 11th Gen Intel(R) Core(TM) i7-11370H @ 3.30GHz, 8 cores, 15G,  Windows 10 , 64 bit Build 19041 (10.0.19041.2364)
Time: Fri Jan 20 15:41:41 2023 E. Africa Standard Time elapsed time: 0.907672 seconds (0d 0h 0m 0s)

---------------  T H R E A D  ---------------

Current thread (0x000001b7228edea0):  JavaThread "C2 CompilerThread1" daemon [_thread_in_native, id=23116, stack(0x00000072aa500000,0x00000072aa600000)]


Current CompileTask:
C2:    907  551       4       java.nio.file.FileTreeIterator::fetchNextIfNeeded (65 bytes)

Stack: [0x00000072aa500000,0x00000072aa600000]
Native frames: (J=compiled Java code, j=interpreted, Vv=VM code, C=native code)
V  [jvm.dll+0x66fa1a]
V  [jvm.dll+0x7ce5a4]
V  [jvm.dll+0x7cfd4e]
V  [jvm.dll+0x7d03b3]
V  [jvm.dll+0x242b05]
V  [jvm.dll+0xaa05b]
V  [jvm.dll+0xaa5ec]
V  [jvm.dll+0x578566]
V  [jvm.dll+0x21dd7d]
V  [jvm.dll+0x2172d1]
V  [jvm.dll+0x214f05]
V  [jvm.dll+0x1a168d]
V  [jvm.dll+0x224848]
V  [jvm.dll+0x2229ac]
V  [jvm.dll+0x78435b]
V  [jvm.dll+0x77e91a]
V  [jvm.dll+0x66e845]
C  [ucrtbase.dll+0x21bb2]
C  [KERNEL32.DLL+0x17614]
C  [ntdll.dll+0x526a1]


---------------  P R O C E S S  ---------------

Threads class SMR info:
_java_thread_list=0x000001b72288fa80, length=13, elements={
0x000001b77ecdee00, 0x000001b7218354b0, 0x000001b721836060, 0x000001b72184f0c0,
0x000001b72184f980, 0x000001b721852340, 0x000001b721852cf0, 0x000001b721853a80,
0x000001b721854520, 0x000001b721854f10, 0x000001b72242e220, 0x000001b72248fc70,
0x000001b7228edea0
}

Java Threads: ( => current thread )
  0x000001b77ecdee00 JavaThread "main" [_thread_in_native, id=12676, stack(0x00000072a9200000,0x00000072a9300000)]
  0x000001b7218354b0 JavaThread "Reference Handler" daemon [_thread_blocked, id=13628, stack(0x00000072a9900000,0x00000072a9a00000)]
  0x000001b721836060 JavaThread "Finalizer" daemon [_thread_blocked, id=19424, stack(0x00000072a9a00000,0x00000072a9b00000)]
  0x000001b72184f0c0 JavaThread "Signal Dispatcher" daemon [_thread_blocked, id=21008, stack(0x00000072a9b00000,0x00000072a9c00000)]
  0x000001b72184f980 JavaThread "Attach Listener" daemon [_thread_blocked, id=3640, stack(0x00000072a9c00000,0x00000072a9d00000)]
  0x000001b721852340 JavaThread "Service Thread" daemon [_thread_blocked, id=23084, stack(0x00000072a9d00000,0x00000072a9e00000)]
  0x000001b721852cf0 JavaThread "Monitor Deflation Thread" daemon [_thread_blocked, id=17280, stack(0x00000072a9e00000,0x00000072a9f00000)]
  0x000001b721853a80 JavaThread "C2 CompilerThread0" daemon [_thread_in_native, id=22700, stack(0x00000072a9f00000,0x00000072aa000000)]
  0x000001b721854520 JavaThread "C1 CompilerThread0" daemon [_thread_blocked, id=12456, stack(0x00000072aa000000,0x00000072aa100000)]
  0x000001b721854f10 JavaThread "Sweeper thread" daemon [_thread_blocked, id=23428, stack(0x00000072aa100000,0x00000072aa200000)]
  0x000001b72242e220 JavaThread "Notification Thread" daemon [_thread_blocked, id=21360, stack(0x00000072aa200000,0x00000072aa300000)]
  0x000001b72248fc70 JavaThread "Common-Cleaner" daemon [_thread_blocked, id=11404, stack(0x00000072aa400000,0x00000072aa500000)]
=>0x000001b7228edea0 JavaThread "C2 CompilerThread1" daemon [_thread_in_native, id=23116, stack(0x00000072aa500000,0x00000072aa600000)]

Other Threads:
  0x000001b72182f9b0 VMThread "VM Thread" [stack: 0x00000072a9800000,0x00000072a9900000] [id=7520]
  0x000001b72242eae0 WatcherThread [stack: 0x00000072aa300000,0x00000072aa400000] [id=4204]
  0x000001b77ed2dd60 GCTaskThread "GC Thread#0" [stack: 0x00000072a9300000,0x00000072a9400000] [id=23364]
  0x000001b77ed3e7a0 ConcurrentGCThread "G1 Main Marker" [stack: 0x00000072a9400000,0x00000072a9500000] [id=4540]
  0x000001b77ed3f1b0 ConcurrentGCThread "G1 Conc#0" [stack: 0x00000072a9500000,0x00000072a9600000] [id=7104]
  0x000001b7216f20c0 ConcurrentGCThread "G1 Refine#0" [stack: 0x00000072a9600000,0x00000072a9700000] [id=19492]
  0x000001b7216f2ae0 ConcurrentGCThread "G1 Service" [stack: 0x00000072a9700000,0x00000072a9800000] [id=23504]

Threads with active compile tasks:
C2 CompilerThread0      919  552       4       java.io.WinNTFileSystem::prefixLength (91 bytes)
C2 CompilerThread1      919  551       4       java.nio.file.FileTreeIterator::fetchNextIfNeeded (65 bytes)

VM state: not at safepoint (normal execution)

VM Mutex/Monitor currently owned by a thread: None

Heap address: 0x0000000705000000, size: 4016 MB, Compressed Oops mode: Zero based, Oop shift amount: 3

CDS archive(s) mapped at: [0x0000000800000000-0x0000000800bc0000-0x0000000800bc0000), size 12320768, SharedBaseAddress: 0x0000000800000000, ArchiveRelocationMode: 0.
Compressed class space mapped at: 0x0000000800c00000-0x0000000840c00000, reserved size: 1073741824
Narrow klass base: 0x0000000800000000, Narrow klass shift: 0, Narrow klass range: 0x100000000

GC Precious Log:
 CPUs: 8 total, 8 available
 Memory: 16061M
 Large Page Support: Disabled
 NUMA Support: Disabled
 Compressed Oops: Enabled (Zero based)
 Heap Region Size: 2M
 Heap Min Capacity: 8M
 Heap Initial Capacity: 252M
 Heap Max Capacity: 4016M
 Pre-touch: Disabled
 Parallel Workers: 8
 Concurrent Workers: 2
 Concurrent Refinement Workers: 8
 Periodic GC: Disabled

Heap:
 garbage-first heap   total 258048K, used 8192K [0x0000000705000000, 0x0000000800000000)
  region size 2048K, 6 young (12288K), 0 survivors (0K)
 Metaspace       used 2920K, committed 3072K, reserved 1056768K
  class space    used 286K, committed 384K, reserved 1048576K

Heap Regions: E=young(eden), S=young(survivor), O=old, HS=humongous(starts), HC=humongous(continues), CS=collection set, F=free, OA=open archive, CA=closed archive, TAMS=top-at-mark-start (previous, next)
|   0|0x0000000705000000, 0x0000000705000000, 0x0000000705200000|  0%| F|  |TAMS 0x0000000705000000, 0x0000000705000000| Untracked 
|   1|0x0000000705200000, 0x0000000705200000, 0x0000000705400000|  0%| F|  |TAMS 0x0000000705200000, 0x0000000705200000| Untracked 
|   2|0x0000000705400000, 0x0000000705400000, 0x0000000705600000|  0%| F|  |TAMS 0x0000000705400000, 0x0000000705400000| Untracked 
|   3|0x0000000705600000, 0x0000000705600000, 0x0000000705800000|  0%| F|  |TAMS 0x0000000705600000, 0x0000000705600000| Untracked 
|   4|0x0000000705800000, 0x0000000705800000, 0x0000000705a00000|  0%| F|  |TAMS 0x0000000705800000, 0x0000000705800000| Untracked 
|   5|0x0000000705a00000, 0x0000000705a00000, 0x0000000705c00000|  0%| F|  |TAMS 0x0000000705a00000, 0x0000000705a00000| Untracked 
|   6|0x0000000705c00000, 0x0000000705c00000, 0x0000000705e00000|  0%| F|  |TAMS 0x0000000705c00000, 0x0000000705c00000| Untracked 
|   7|0x0000000705e00000, 0x0000000705e00000, 0x0000000706000000|  0%| F|  |TAMS 0x0000000705e00000, 0x0000000705e00000| Untracked 
|   8|0x0000000706000000, 0x0000000706000000, 0x0000000706200000|  0%| F|  |TAMS 0x0000000706000000, 0x0000000706000000| Untracked 
|   9|0x0000000706200000, 0x0000000706200000, 0x0000000706400000|  0%| F|  |TAMS 0x0000000706200000, 0x0000000706200000| Untracked 
|  10|0x0000000706400000, 0x0000000706400000, 0x0000000706600000|  0%| F|  |TAMS 0x0000000706400000, 0x0000000706400000| Untracked 
|  11|0x0000000706600000, 0x0000000706600000, 0x0000000706800000|  0%| F|  |TAMS 0x0000000706600000, 0x0000000706600000| Untracked 
|  12|0x0000000706800000, 0x0000000706800000, 0x0000000706a00000|  0%| F|  |TAMS 0x0000000706800000, 0x0000000706800000| Untracked 
|  13|0x0000000706a00000, 0x0000000706a00000, 0x0000000706c00000|  0%| F|  |TAMS 0x0000000706a00000, 0x0000000706a00000| Untracked 
|  14|0x0000000706c00000, 0x0000000706c00000, 0x0000000706e00000|  0%| F|  |TAMS 0x0000000706c00000, 0x0000000706c00000| Untracked 
|  15|0x0000000706e00000, 0x0000000706e00000, 0x0000000707000000|  0%| F|  |TAMS 0x0000000706e00000, 0x0000000706e00000| Untracked 
|  16|0x0000000707000000, 0x0000000707000000, 0x0000000707200000|  0%| F|  |TAMS 0x0000000707000000, 0x0000000707000000| Untracked 
|  17|0x0000000707200000, 0x0000000707200000, 0x0000000707400000|  0%| F|  |TAMS 0x0000000707200000, 0x0000000707200000| Untracked 
|  18|0x0000000707400000, 0x0000000707400000, 0x0000000707600000|  0%| F|  |TAMS 0x0000000707400000, 0x0000000707400000| Untracked 
|  19|0x0000000707600000, 0x0000000707600000, 0x0000000707800000|  0%| F|  |TAMS 0x0000000707600000, 0x0000000707600000| Untracked 
|  20|0x0000000707800000, 0x0000000707800000, 0x0000000707a00000|  0%| F|  |TAMS 0x0000000707800000, 0x0000000707800000| Untracked 
|  21|0x0000000707a00000, 0x0000000707a00000, 0x0000000707c00000|  0%| F|  |TAMS 0x0000000707a00000, 0x0000000707a00000| Untracked 
|  22|0x0000000707c00000, 0x0000000707c00000, 0x0000000707e00000|  0%| F|  |TAMS 0x0000000707c00000, 0x0000000707c00000| Untracked 
|  23|0x0000000707e00000, 0x0000000707e00000, 0x0000000708000000|  0%| F|  |TAMS 0x0000000707e00000, 0x0000000707e00000| Untracked 
|  24|0x0000000708000000, 0x0000000708000000, 0x0000000708200000|  0%| F|  |TAMS 0x0000000708000000, 0x0000000708000000| Untracked 
|  25|0x0000000708200000, 0x0000000708200000, 0x0000000708400000|  0%| F|  |TAMS 0x0000000708200000, 0x0000000708200000| Untracked 
|  26|0x0000000708400000, 0x0000000708400000, 0x0000000708600000|  0%| F|  |TAMS 0x0000000708400000, 0x0000000708400000| Untracked 
|  27|0x0000000708600000, 0x0000000708600000, 0x0000000708800000|  0%| F|  |TAMS 0x0000000708600000, 0x0000000708600000| Untracked 
|  28|0x0000000708800000, 0x0000000708800000, 0x0000000708a00000|  0%| F|  |TAMS 0x0000000708800000, 0x0000000708800000| Untracked 
|  29|0x0000000708a00000, 0x0000000708a00000, 0x0000000708c00000|  0%| F|  |TAMS 0x0000000708a00000, 0x0000000708a00000| Untracked 
|  30|0x0000000708c00000, 0x0000000708c00000, 0x0000000708e00000|  0%| F|  |TAMS 0x0000000708c00000, 0x0000000708c00000| Untracked 
|  31|0x0000000708e00000, 0x0000000708e00000, 0x0000000709000000|  0%| F|  |TAMS 0x0000000708e00000, 0x0000000708e00000| Untracked 
|  32|0x0000000709000000, 0x0000000709000000, 0x0000000709200000|  0%| F|  |TAMS 0x0000000709000000, 0x0000000709000000| Untracked 
|  33|0x0000000709200000, 0x0000000709200000, 0x0000000709400000|  0%| F|  |TAMS 0x0000000709200000, 0x0000000709200000| Untracked 
|  34|0x0000000709400000, 0x0000000709400000, 0x0000000709600000|  0%| F|  |TAMS 0x0000000709400000, 0x0000000709400000| Untracked 
|  35|0x0000000709600000, 0x0000000709600000, 0x0000000709800000|  0%| F|  |TAMS 0x0000000709600000, 0x0000000709600000| Untracked 
|  36|0x0000000709800000, 0x0000000709800000, 0x0000000709a00000|  0%| F|  |TAMS 0x0000000709800000, 0x0000000709800000| Untracked 
|  37|0x0000000709a00000, 0x0000000709a00000, 0x0000000709c00000|  0%| F|  |TAMS 0x0000000709a00000, 0x0000000709a00000| Untracked 
|  38|0x0000000709c00000, 0x0000000709c00000, 0x0000000709e00000|  0%| F|  |TAMS 0x0000000709c00000, 0x0000000709c00000| Untracked 
|  39|0x0000000709e00000, 0x0000000709e00000, 0x000000070a000000|  0%| F|  |TAMS 0x0000000709e00000, 0x0000000709e00000| Untracked 
|  40|0x000000070a000000, 0x000000070a000000, 0x000000070a200000|  0%| F|  |TAMS 0x000000070a000000, 0x000000070a000000| Untracked 
|  41|0x000000070a200000, 0x000000070a200000, 0x000000070a400000|  0%| F|  |TAMS 0x000000070a200000, 0x000000070a200000| Untracked 
|  42|0x000000070a400000, 0x000000070a400000, 0x000000070a600000|  0%| F|  |TAMS 0x000000070a400000, 0x000000070a400000| Untracked 
|  43|0x000000070a600000, 0x000000070a600000, 0x000000070a800000|  0%| F|  |TAMS 0x000000070a600000, 0x000000070a600000| Untracked 
|  44|0x000000070a800000, 0x000000070a800000, 0x000000070aa00000|  0%| F|  |TAMS 0x000000070a800000, 0x000000070a800000| Untracked 
|  45|0x000000070aa00000, 0x000000070aa00000, 0x000000070ac00000|  0%| F|  |TAMS 0x000000070aa00000, 0x000000070aa00000| Untracked 
|  46|0x000000070ac00000, 0x000000070ac00000, 0x000000070ae00000|  0%| F|  |TAMS 0x000000070ac00000, 0x000000070ac00000| Untracked 
|  47|0x000000070ae00000, 0x000000070ae00000, 0x000000070b000000|  0%| F|  |TAMS 0x000000070ae00000, 0x000000070ae00000| Untracked 
|  48|0x000000070b000000, 0x000000070b000000, 0x000000070b200000|  0%| F|  |TAMS 0x000000070b000000, 0x000000070b000000| Untracked 
|  49|0x000000070b200000, 0x000000070b200000, 0x000000070b400000|  0%| F|  |TAMS 0x000000070b200000, 0x000000070b200000| Untracked 
|  50|0x000000070b400000, 0x000000070b400000, 0x000000070b600000|  0%| F|  |TAMS 0x000000070b400000, 0x000000070b400000| Untracked 
|  51|0x000000070b600000, 0x000000070b600000, 0x000000070b800000|  0%| F|  |TAMS 0x000000070b600000, 0x000000070b600000| Untracked 
|  52|0x000000070b800000, 0x000000070b800000, 0x000000070ba00000|  0%| F|  |TAMS 0x000000070b800000, 0x000000070b800000| Untracked 
|  53|0x000000070ba00000, 0x000000070ba00000, 0x000000070bc00000|  0%| F|  |TAMS 0x000000070ba00000, 0x000000070ba00000| Untracked 
|  54|0x000000070bc00000, 0x000000070bc00000, 0x000000070be00000|  0%| F|  |TAMS 0x000000070bc00000, 0x000000070bc00000| Untracked 
|  55|0x000000070be00000, 0x000000070be00000, 0x000000070c000000|  0%| F|  |TAMS 0x000000070be00000, 0x000000070be00000| Untracked 
|  56|0x000000070c000000, 0x000000070c000000, 0x000000070c200000|  0%| F|  |TAMS 0x000000070c000000, 0x000000070c000000| Untracked 
|  57|0x000000070c200000, 0x000000070c200000, 0x000000070c400000|  0%| F|  |TAMS 0x000000070c200000, 0x000000070c200000| Untracked 
|  58|0x000000070c400000, 0x000000070c400000, 0x000000070c600000|  0%| F|  |TAMS 0x000000070c400000, 0x000000070c400000| Untracked 
|  59|0x000000070c600000, 0x000000070c600000, 0x000000070c800000|  0%| F|  |TAMS 0x000000070c600000, 0x000000070c600000| Untracked 
|  60|0x000000070c800000, 0x000000070c800000, 0x000000070ca00000|  0%| F|  |TAMS 0x000000070c800000, 0x000000070c800000| Untracked 
|  61|0x000000070ca00000, 0x000000070ca00000, 0x000000070cc00000|  0%| F|  |TAMS 0x000000070ca00000, 0x000000070ca00000| Untracked 
|  62|0x000000070cc00000, 0x000000070cc00000, 0x000000070ce00000|  0%| F|  |TAMS 0x000000070cc00000, 0x000000070cc00000| Untracked 
|  63|0x000000070ce00000, 0x000000070ce00000, 0x000000070d000000|  0%| F|  |TAMS 0x000000070ce00000, 0x000000070ce00000| Untracked 
|  64|0x000000070d000000, 0x000000070d000000, 0x000000070d200000|  0%| F|  |TAMS 0x000000070d000000, 0x000000070d000000| Untracked 
|  65|0x000000070d200000, 0x000000070d200000, 0x000000070d400000|  0%| F|  |TAMS 0x000000070d200000, 0x000000070d200000| Untracked 
|  66|0x000000070d400000, 0x000000070d400000, 0x000000070d600000|  0%| F|  |TAMS 0x000000070d400000, 0x000000070d400000| Untracked 
|  67|0x000000070d600000, 0x000000070d600000, 0x000000070d800000|  0%| F|  |TAMS 0x000000070d600000, 0x000000070d600000| Untracked 
|  68|0x000000070d800000, 0x000000070d800000, 0x000000070da00000|  0%| F|  |TAMS 0x000000070d800000, 0x000000070d800000| Untracked 
|  69|0x000000070da00000, 0x000000070da00000, 0x000000070dc00000|  0%| F|  |TAMS 0x000000070da00000, 0x000000070da00000| Untracked 
|  70|0x000000070dc00000, 0x000000070dc00000, 0x000000070de00000|  0%| F|  |TAMS 0x000000070dc00000, 0x000000070dc00000| Untracked 
|  71|0x000000070de00000, 0x000000070de00000, 0x000000070e000000|  0%| F|  |TAMS 0x000000070de00000, 0x000000070de00000| Untracked 
|  72|0x000000070e000000, 0x000000070e000000, 0x000000070e200000|  0%| F|  |TAMS 0x000000070e000000, 0x000000070e000000| Untracked 
|  73|0x000000070e200000, 0x000000070e200000, 0x000000070e400000|  0%| F|  |TAMS 0x000000070e200000, 0x000000070e200000| Untracked 
|  74|0x000000070e400000, 0x000000070e400000, 0x000000070e600000|  0%| F|  |TAMS 0x000000070e400000, 0x000000070e400000| Untracked 
|  75|0x000000070e600000, 0x000000070e600000, 0x000000070e800000|  0%| F|  |TAMS 0x000000070e600000, 0x000000070e600000| Untracked 
|  76|0x000000070e800000, 0x000000070e800000, 0x000000070ea00000|  0%| F|  |TAMS 0x000000070e800000, 0x000000070e800000| Untracked 
|  77|0x000000070ea00000, 0x000000070ea00000, 0x000000070ec00000|  0%| F|  |TAMS 0x000000070ea00000, 0x000000070ea00000| Untracked 
|  78|0x000000070ec00000, 0x000000070ec00000, 0x000000070ee00000|  0%| F|  |TAMS 0x000000070ec00000, 0x000000070ec00000| Untracked 
|  79|0x000000070ee00000, 0x000000070ee00000, 0x000000070f000000|  0%| F|  |TAMS 0x000000070ee00000, 0x000000070ee00000| Untracked 
|  80|0x000000070f000000, 0x000000070f000000, 0x000000070f200000|  0%| F|  |TAMS 0x000000070f000000, 0x000000070f000000| Untracked 
|  81|0x000000070f200000, 0x000000070f200000, 0x000000070f400000|  0%| F|  |TAMS 0x000000070f200000, 0x000000070f200000| Untracked 
|  82|0x000000070f400000, 0x000000070f400000, 0x000000070f600000|  0%| F|  |TAMS 0x000000070f400000, 0x000000070f400000| Untracked 
|  83|0x000000070f600000, 0x000000070f600000, 0x000000070f800000|  0%| F|  |TAMS 0x000000070f600000, 0x000000070f600000| Untracked 
|  84|0x000000070f800000, 0x000000070f800000, 0x000000070fa00000|  0%| F|  |TAMS 0x000000070f800000, 0x000000070f800000| Untracked 
|  85|0x000000070fa00000, 0x000000070fa00000, 0x000000070fc00000|  0%| F|  |TAMS 0x000000070fa00000, 0x000000070fa00000| Untracked 
|  86|0x000000070fc00000, 0x000000070fc00000, 0x000000070fe00000|  0%| F|  |TAMS 0x000000070fc00000, 0x000000070fc00000| Untracked 
|  87|0x000000070fe00000, 0x000000070fe00000, 0x0000000710000000|  0%| F|  |TAMS 0x000000070fe00000, 0x000000070fe00000| Untracked 
|  88|0x0000000710000000, 0x0000000710000000, 0x0000000710200000|  0%| F|  |TAMS 0x0000000710000000, 0x0000000710000000| Untracked 
|  89|0x0000000710200000, 0x0000000710200000, 0x0000000710400000|  0%| F|  |TAMS 0x0000000710200000, 0x0000000710200000| Untracked 
|  90|0x0000000710400000, 0x0000000710400000, 0x0000000710600000|  0%| F|  |TAMS 0x0000000710400000, 0x0000000710400000| Untracked 
|  91|0x0000000710600000, 0x0000000710600000, 0x0000000710800000|  0%| F|  |TAMS 0x0000000710600000, 0x0000000710600000| Untracked 
|  92|0x0000000710800000, 0x0000000710800000, 0x0000000710a00000|  0%| F|  |TAMS 0x0000000710800000, 0x0000000710800000| Untracked 
|  93|0x0000000710a00000, 0x0000000710a00000, 0x0000000710c00000|  0%| F|  |TAMS 0x0000000710a00000, 0x0000000710a00000| Untracked 
|  94|0x0000000710c00000, 0x0000000710c00000, 0x0000000710e00000|  0%| F|  |TAMS 0x0000000710c00000, 0x0000000710c00000| Untracked 
|  95|0x0000000710e00000, 0x0000000710e00000, 0x0000000711000000|  0%| F|  |TAMS 0x0000000710e00000, 0x0000000710e00000| Untracked 
|  96|0x0000000711000000, 0x0000000711000000, 0x0000000711200000|  0%| F|  |TAMS 0x0000000711000000, 0x0000000711000000| Untracked 
|  97|0x0000000711200000, 0x0000000711200000, 0x0000000711400000|  0%| F|  |TAMS 0x0000000711200000, 0x0000000711200000| Untracked 
|  98|0x0000000711400000, 0x0000000711400000, 0x0000000711600000|  0%| F|  |TAMS 0x0000000711400000, 0x0000000711400000| Untracked 
|  99|0x0000000711600000, 0x0000000711600000, 0x0000000711800000|  0%| F|  |TAMS 0x0000000711600000, 0x0000000711600000| Untracked 
| 100|0x0000000711800000, 0x0000000711800000, 0x0000000711a00000|  0%| F|  |TAMS 0x0000000711800000, 0x0000000711800000| Untracked 
| 101|0x0000000711a00000, 0x0000000711a00000, 0x0000000711c00000|  0%| F|  |TAMS 0x0000000711a00000, 0x0000000711a00000| Untracked 
| 102|0x0000000711c00000, 0x0000000711c00000, 0x0000000711e00000|  0%| F|  |TAMS 0x0000000711c00000, 0x0000000711c00000| Untracked 
| 103|0x0000000711e00000, 0x0000000711e00000, 0x0000000712000000|  0%| F|  |TAMS 0x0000000711e00000, 0x0000000711e00000| Untracked 
| 104|0x0000000712000000, 0x0000000712000000, 0x0000000712200000|  0%| F|  |TAMS 0x0000000712000000, 0x0000000712000000| Untracked 
| 105|0x0000000712200000, 0x0000000712200000, 0x0000000712400000|  0%| F|  |TAMS 0x0000000712200000, 0x0000000712200000| Untracked 
| 106|0x0000000712400000, 0x0000000712400000, 0x0000000712600000|  0%| F|  |TAMS 0x0000000712400000, 0x0000000712400000| Untracked 
| 107|0x0000000712600000, 0x0000000712600000, 0x0000000712800000|  0%| F|  |TAMS 0x0000000712600000, 0x0000000712600000| Untracked 
| 108|0x0000000712800000, 0x0000000712800000, 0x0000000712a00000|  0%| F|  |TAMS 0x0000000712800000, 0x0000000712800000| Untracked 
| 109|0x0000000712a00000, 0x0000000712a00000, 0x0000000712c00000|  0%| F|  |TAMS 0x0000000712a00000, 0x0000000712a00000| Untracked 
| 110|0x0000000712c00000, 0x0000000712c00000, 0x0000000712e00000|  0%| F|  |TAMS 0x0000000712c00000, 0x0000000712c00000| Untracked 
| 111|0x0000000712e00000, 0x0000000712e00000, 0x0000000713000000|  0%| F|  |TAMS 0x0000000712e00000, 0x0000000712e00000| Untracked 
| 112|0x0000000713000000, 0x0000000713000000, 0x0000000713200000|  0%| F|  |TAMS 0x0000000713000000, 0x0000000713000000| Untracked 
| 113|0x0000000713200000, 0x0000000713200000, 0x0000000713400000|  0%| F|  |TAMS 0x0000000713200000, 0x0000000713200000| Untracked 
| 114|0x0000000713400000, 0x0000000713400000, 0x0000000713600000|  0%| F|  |TAMS 0x0000000713400000, 0x0000000713400000| Untracked 
| 115|0x0000000713600000, 0x0000000713600000, 0x0000000713800000|  0%| F|  |TAMS 0x0000000713600000, 0x0000000713600000| Untracked 
| 116|0x0000000713800000, 0x0000000713800000, 0x0000000713a00000|  0%| F|  |TAMS 0x0000000713800000, 0x0000000713800000| Untracked 
| 117|0x0000000713a00000, 0x0000000713a00000, 0x0000000713c00000|  0%| F|  |TAMS 0x0000000713a00000, 0x0000000713a00000| Untracked 
| 118|0x0000000713c00000, 0x0000000713c00000, 0x0000000713e00000|  0%| F|  |TAMS 0x0000000713c00000, 0x0000000713c00000| Untracked 
| 119|0x0000000713e00000, 0x0000000713e00000, 0x0000000714000000|  0%| F|  |TAMS 0x0000000713e00000, 0x0000000713e00000| Untracked 
| 120|0x0000000714000000, 0x00000007141c31c8, 0x0000000714200000| 88%| E|  |TAMS 0x0000000714000000, 0x0000000714000000| Complete 
| 121|0x0000000714200000, 0x0000000714400000, 0x0000000714400000|100%| E|CS|TAMS 0x0000000714200000, 0x0000000714200000| Complete 
| 122|0x0000000714400000, 0x0000000714600000, 0x0000000714600000|100%| E|CS|TAMS 0x0000000714400000, 0x0000000714400000| Complete 
| 123|0x0000000714600000, 0x0000000714800000, 0x0000000714800000|100%| E|  |TAMS 0x0000000714600000, 0x0000000714600000| Complete 
| 124|0x0000000714800000, 0x0000000714a00000, 0x0000000714a00000|100%| E|CS|TAMS 0x0000000714800000, 0x0000000714800000| Complete 
| 125|0x0000000714a00000, 0x0000000714c00000, 0x0000000714c00000|100%| E|CS|TAMS 0x0000000714a00000, 0x0000000714a00000| Complete 

Card table byte_map: [0x000001b716730000,0x000001b716f10000] _byte_map_base: 0x000001b712f08000

Marking Bits (Prev, Next): (CMBitMap*) 0x000001b77ed2e370, (CMBitMap*) 0x000001b77ed2e3b0
 Prev Bits: [0x000001b7176f0000, 0x000001b71b5b0000)
 Next Bits: [0x000001b71b5b0000, 0x000001b71f470000)

Polling page: 0x000001b77cc30000

Metaspace:

Usage:
  Non-class:      2.57 MB used.
      Class:    286.27 KB used.
       Both:      2.85 MB used.

Virtual space:
  Non-class space:        8.00 MB reserved,       2.62 MB ( 33%) committed,  1 nodes.
      Class space:        1.00 GB reserved,     384.00 KB ( <1%) committed,  1 nodes.
             Both:        1.01 GB reserved,       3.00 MB ( <1%) committed. 

Chunk freelists:
   Non-Class:  3.59 MB
       Class:  3.67 MB
        Both:  7.26 MB

MaxMetaspaceSize: unlimited
CompressedClassSpaceSize: 1.00 GB
Initial GC threshold: 21.00 MB
Current GC threshold: 21.00 MB
CDS: on
MetaspaceReclaimPolicy: balanced
 - commit_granule_bytes: 65536.
 - commit_granule_words: 8192.
 - virtual_space_node_default_size: 1048576.
 - enlarge_chunks_in_place: 1.
 - new_chunks_are_fully_committed: 0.
 - uncommit_free_chunks: 1.
 - use_allocation_guard: 0.
 - handle_deallocations: 1.


Internal statistics:

num_allocs_failed_limit: 0.
num_arena_births: 8.
num_arena_deaths: 0.
num_vsnodes_births: 2.
num_vsnodes_deaths: 0.
num_space_committed: 48.
num_space_uncommitted: 0.
num_chunks_returned_to_freelist: 0.
num_chunks_taken_from_freelist: 29.
num_chunk_merges: 0.
num_chunk_splits: 23.
num_chunks_enlarged: 20.
num_purges: 0.
num_inconsistent_stats: 0.

CodeHeap 'non-profiled nmethods': size=120000Kb used=204Kb max_used=204Kb free=119795Kb
 bounds [0x000001b70f200000, 0x000001b70f470000, 0x000001b716730000]
CodeHeap 'profiled nmethods': size=120000Kb used=889Kb max_used=889Kb free=119110Kb
 bounds [0x000001b707cd0000, 0x000001b707f40000, 0x000001b70f200000]
CodeHeap 'non-nmethods': size=5760Kb used=1136Kb max_used=1165Kb free=4623Kb
 bounds [0x000001b707730000, 0x000001b7079a0000, 0x000001b707cd0000]
 total_blobs=957 nmethods=550 adapters=320
 compilation: enabled
              stopped_count=0, restarted_count=0
 full_count=0

Compilation events (20 events):
Event: 0.589 Thread 0x000001b721854520 nmethod 541 0x000001b707daaa90 code [0x000001b707daad00, 0x000001b707dab6b8]
Event: 0.626 Thread 0x000001b721854520  542       3       sun.nio.fs.WindowsPath::needsSlashWhenResolving (37 bytes)
Event: 0.626 Thread 0x000001b721854520 nmethod 542 0x000001b707daba10 code [0x000001b707dabc20, 0x000001b707dac2c8]
Event: 0.628 Thread 0x000001b721854520  543       3       com.microsoft.gradle.utils.Utils$$Lambda$9/0x0000000800c11cb8::apply (8 bytes)
Event: 0.629 Thread 0x000001b721854520 nmethod 543 0x000001b707dac590 code [0x000001b707dac740, 0x000001b707dacac8]
Event: 0.629 Thread 0x000001b721854520  544       3       com.microsoft.gradle.utils.Utils::lambda$listAllFiles$3 (7 bytes)
Event: 0.629 Thread 0x000001b721854520 nmethod 544 0x000001b707dacc10 code [0x000001b707dacdc0, 0x000001b707dacfc8]
Event: 0.785 Thread 0x000001b7228edea0  545 %     4       java.lang.StringLatin1::inflate @ 3 (34 bytes)
Event: 0.792 Thread 0x000001b7228edea0 nmethod 545% 0x000001b70f231f10 code [0x000001b70f2320a0, 0x000001b70f232538]
Event: 0.818 Thread 0x000001b721854520  546       3       java.util.stream.ReduceOps$3ReducingSink::accept (15 bytes)
Event: 0.819 Thread 0x000001b721854520 nmethod 546 0x000001b707dad090 code [0x000001b707dad280, 0x000001b707dad908]
Event: 0.819 Thread 0x000001b721854520  547       3       java.util.stream.Collectors$$Lambda$11/0x0000000800c752a0::accept (14 bytes)
Event: 0.819 Thread 0x000001b721854520 nmethod 547 0x000001b707dadb90 code [0x000001b707dadd60, 0x000001b707dae328]
Event: 0.824 Thread 0x000001b7228edea0  548       4       java.lang.StringLatin1::inflate (34 bytes)
Event: 0.828 Thread 0x000001b7228edea0 nmethod 548 0x000001b70f232690 code [0x000001b70f232800, 0x000001b70f232b18]
Event: 0.834 Thread 0x000001b721853a80  549       4       java.lang.AbstractStringBuilder::<init> (39 bytes)
Event: 0.836 Thread 0x000001b721853a80 nmethod 549 0x000001b70f232c10 code [0x000001b70f232da0, 0x000001b70f232ff8]
Event: 0.851 Thread 0x000001b721853a80  550       4       sun.nio.fs.WindowsPath$WindowsPathWithAttributes::getFileSystem (5 bytes)
Event: 0.851 Thread 0x000001b721853a80 nmethod 550 0x000001b70f233090 code [0x000001b70f233200, 0x000001b70f233278]
Event: 0.876 Thread 0x000001b7228edea0  551       4       java.nio.file.FileTreeIterator::fetchNextIfNeeded (65 bytes)

GC Heap History (0 events):
No events

Deoptimization events (20 events):
Event: 0.228 Thread 0x000001b77ecdee00 DEOPT PACKING pc=0x000001b707cf96f4 sp=0x00000072a92fc0f0
Event: 0.228 Thread 0x000001b77ecdee00 DEOPT UNPACKING pc=0x000001b707786763 sp=0x00000072a92fb578 mode 0
Event: 0.302 Thread 0x000001b77ecdee00 DEOPT PACKING pc=0x000001b707d44f96 sp=0x00000072a92fa870
Event: 0.302 Thread 0x000001b77ecdee00 DEOPT UNPACKING pc=0x000001b707786763 sp=0x00000072a92f9cc8 mode 0
Event: 0.305 Thread 0x000001b77ecdee00 DEOPT PACKING pc=0x000001b707d44f96 sp=0x00000072a92fdb50
Event: 0.305 Thread 0x000001b77ecdee00 DEOPT UNPACKING pc=0x000001b707786763 sp=0x00000072a92fcfa8 mode 0
Event: 0.305 Thread 0x000001b77ecdee00 DEOPT PACKING pc=0x000001b707d44f96 sp=0x00000072a92fdb50
Event: 0.305 Thread 0x000001b77ecdee00 DEOPT UNPACKING pc=0x000001b707786763 sp=0x00000072a92fcfa8 mode 0
Event: 0.306 Thread 0x000001b77ecdee00 DEOPT PACKING pc=0x000001b707d44f96 sp=0x00000072a92fdb50
Event: 0.306 Thread 0x000001b77ecdee00 DEOPT UNPACKING pc=0x000001b707786763 sp=0x00000072a92fcfa8 mode 0
Event: 0.382 Thread 0x000001b77ecdee00 DEOPT PACKING pc=0x000001b707cde6e7 sp=0x00000072a92fea20
Event: 0.382 Thread 0x000001b77ecdee00 DEOPT UNPACKING pc=0x000001b707786763 sp=0x00000072a92fde40 mode 0
Event: 0.392 Thread 0x000001b77ecdee00 DEOPT PACKING pc=0x000001b707cdabd1 sp=0x00000072a92fe9e0
Event: 0.392 Thread 0x000001b77ecdee00 DEOPT UNPACKING pc=0x000001b707786763 sp=0x00000072a92fde58 mode 0
Event: 0.415 Thread 0x000001b77ecdee00 DEOPT PACKING pc=0x000001b707d78318 sp=0x00000072a92fea00
Event: 0.415 Thread 0x000001b77ecdee00 DEOPT UNPACKING pc=0x000001b707786763 sp=0x00000072a92fdf08 mode 0
Event: 0.420 Thread 0x000001b77ecdee00 DEOPT PACKING pc=0x000001b707d78318 sp=0x00000072a92fea00
Event: 0.420 Thread 0x000001b77ecdee00 DEOPT UNPACKING pc=0x000001b707786763 sp=0x00000072a92fdf08 mode 0
Event: 0.824 Thread 0x000001b77ecdee00 DEOPT PACKING pc=0x000001b707d8e43e sp=0x00000072a92fe780
Event: 0.824 Thread 0x000001b77ecdee00 DEOPT UNPACKING pc=0x000001b707786763 sp=0x00000072a92fdbf8 mode 0

Classes unloaded (0 events):
No events

Classes redefined (0 events):
No events

Internal exceptions (1 events):
Event: 0.374 Thread 0x000001b77ecdee00 Exception <a 'java/lang/NoSuchMethodError'{0x0000000714575880}: 'void java.lang.invoke.DirectMethodHandle$Holder.invokeVirtual(java.lang.Object, java.lang.Object)'> (0x0000000714575880) 
thrown [t:\workspace\open\src\hotspot\share\interpreter\linkResolver.cpp, line 766]

VM Operations (2 events):
Event: 0.202 Executing VM operation: HandshakeAllThreads
Event: 0.202 Executing VM operation: HandshakeAllThreads done

Events (20 events):
Event: 0.372 loading class java/nio/file/Files$AcceptAllFilter
Event: 0.372 loading class java/nio/file/DirectoryStream$Filter
Event: 0.372 loading class java/nio/file/DirectoryStream$Filter done
Event: 0.372 loading class java/nio/file/Files$AcceptAllFilter done
Event: 0.372 loading class sun/nio/fs/WindowsDirectoryStream
Event: 0.372 loading class java/nio/file/DirectoryStream
Event: 0.372 loading class java/nio/file/DirectoryStream done
Event: 0.372 loading class sun/nio/fs/WindowsDirectoryStream done
Event: 0.372 loading class java/nio/file/FileTreeWalker$DirectoryNode
Event: 0.373 loading class java/nio/file/FileTreeWalker$DirectoryNode done
Event: 0.373 loading class sun/nio/fs/WindowsDirectoryStream$WindowsDirectoryIterator
Event: 0.373 loading class sun/nio/fs/WindowsDirectoryStream$WindowsDirectoryIterator done
Event: 0.373 loading class java/nio/file/FileTreeWalker$Event
Event: 0.373 loading class java/nio/file/FileTreeWalker$Event done
Event: 0.373 loading class java/nio/file/FileTreeWalker$EventType
Event: 0.373 loading class java/nio/file/FileTreeWalker$EventType done
Event: 0.379 loading class sun/nio/fs/WindowsPath$WindowsPathWithAttributes
Event: 0.380 loading class sun/nio/fs/BasicFileAttributesHolder
Event: 0.380 loading class sun/nio/fs/BasicFileAttributesHolder done
Event: 0.380 loading class sun/nio/fs/WindowsPath$WindowsPathWithAttributes done


Dynamic libraries:
0x00007ff7007a0000 - 0x00007ff7007b0000 	C:\Program Files\Java\jdk-17.0.1\bin\java.exe
0x00007ffc57450000 - 0x00007ffc57648000 	C:\Windows\SYSTEM32\ntdll.dll
0x00007ffc57120000 - 0x00007ffc571df000 	C:\Windows\System32\KERNEL32.DLL
0x00007ffc54c80000 - 0x00007ffc54f52000 	C:\Windows\System32\KERNELBASE.dll
0x00007ffc54f60000 - 0x00007ffc55060000 	C:\Windows\System32\ucrtbase.dll
0x00007ffbfaf70000 - 0x00007ffbfaf8a000 	C:\Program Files\Java\jdk-17.0.1\bin\VCRUNTIME140.dll
0x00007ffbfa5d0000 - 0x00007ffbfa5e8000 	C:\Program Files\Java\jdk-17.0.1\bin\jli.dll
0x00007ffc564a0000 - 0x00007ffc5654e000 	C:\Windows\System32\ADVAPI32.dll
0x00007ffc55800000 - 0x00007ffc5589e000 	C:\Windows\System32\msvcrt.dll
0x00007ffc57070000 - 0x00007ffc5710c000 	C:\Windows\System32\sechost.dll
0x00007ffc572c0000 - 0x00007ffc573e5000 	C:\Windows\System32\RPCRT4.dll
0x00007ffc558b0000 - 0x00007ffc55a51000 	C:\Windows\System32\USER32.dll
0x00007ffc55360000 - 0x00007ffc55382000 	C:\Windows\System32\win32u.dll
0x00007ffc57290000 - 0x00007ffc572bb000 	C:\Windows\System32\GDI32.dll
0x00007ffc55250000 - 0x00007ffc5535f000 	C:\Windows\System32\gdi32full.dll
0x00007ffc54be0000 - 0x00007ffc54c7d000 	C:\Windows\System32\msvcp_win.dll
0x00007ffc3d130000 - 0x00007ffc3d3ca000 	C:\Windows\WinSxS\amd64_microsoft.windows.common-controls_6595b64144ccf1df_6.0.19041.1110_none_60b5254171f9507e\COMCTL32.dll
0x00007ffc488c0000 - 0x00007ffc488ca000 	C:\Windows\SYSTEM32\VERSION.dll
0x00007ffc55710000 - 0x00007ffc55742000 	C:\Windows\System32\IMM32.DLL
0x00007ffc0d030000 - 0x00007ffc0d03c000 	C:\Program Files\Java\jdk-17.0.1\bin\vcruntime140_1.dll
0x00007ffb88180000 - 0x00007ffb8820d000 	C:\Program Files\Java\jdk-17.0.1\bin\msvcp140.dll
0x00007ffb873f0000 - 0x00007ffb87fae000 	C:\Program Files\Java\jdk-17.0.1\bin\server\jvm.dll
0x00007ffc558a0000 - 0x00007ffc558a8000 	C:\Windows\System32\PSAPI.DLL
0x00007ffc24ce0000 - 0x00007ffc24ce9000 	C:\Windows\SYSTEM32\WSOCK32.dll
0x00007ffc55b30000 - 0x00007ffc55b9b000 	C:\Windows\System32\WS2_32.dll
0x00007ffc3c000000 - 0x00007ffc3c027000 	C:\Windows\SYSTEM32\WINMM.dll
0x00007ffc533e0000 - 0x00007ffc533f2000 	C:\Windows\SYSTEM32\kernel.appcore.dll
0x00007ffc0cdf0000 - 0x00007ffc0cdfa000 	C:\Program Files\Java\jdk-17.0.1\bin\jimage.dll
0x00007ffc52860000 - 0x00007ffc52a44000 	C:\Windows\SYSTEM32\DBGHELP.DLL
0x00007ffc3d820000 - 0x00007ffc3d855000 	C:\Windows\SYSTEM32\dbgcore.DLL
0x00007ffc55060000 - 0x00007ffc550e2000 	C:\Windows\System32\bcryptPrimitives.dll
0x00007ffbfcca0000 - 0x00007ffbfccc5000 	C:\Program Files\Java\jdk-17.0.1\bin\java.dll
0x00007ffb87310000 - 0x00007ffb873e6000 	C:\Program Files\Java\jdk-17.0.1\bin\svml.dll
0x00007ffc565b0000 - 0x00007ffc56cf4000 	C:\Windows\System32\SHELL32.dll
0x00007ffc52be0000 - 0x00007ffc53372000 	C:\Windows\SYSTEM32\windows.storage.dll
0x00007ffc55ba0000 - 0x00007ffc55ef5000 	C:\Windows\System32\combase.dll
0x00007ffc545a0000 - 0x00007ffc545d0000 	C:\Windows\SYSTEM32\Wldp.dll
0x00007ffc571e0000 - 0x00007ffc5728d000 	C:\Windows\System32\SHCORE.dll
0x00007ffc56440000 - 0x00007ffc56495000 	C:\Windows\System32\shlwapi.dll
0x00007ffc54a80000 - 0x00007ffc54a9f000 	C:\Windows\SYSTEM32\profapi.dll
0x00007ffbf68e0000 - 0x00007ffbf68f9000 	C:\Program Files\Java\jdk-17.0.1\bin\net.dll
0x00007ffc4b740000 - 0x00007ffc4b84c000 	C:\Windows\SYSTEM32\WINHTTP.dll
0x00007ffc54300000 - 0x00007ffc5436a000 	C:\Windows\system32\mswsock.dll
0x00007ffbaf7f0000 - 0x00007ffbaf805000 	C:\Program Files\Java\jdk-17.0.1\bin\nio.dll
0x00007ffbaf7d0000 - 0x00007ffbaf7e8000 	C:\Program Files\Java\jdk-17.0.1\bin\zip.dll

dbghelp: loaded successfully - version: 4.0.5 - missing functions: none
symbol engine: initialized successfully - sym options: 0x614 - pdb path: .;C:\Program Files\Java\jdk-17.0.1\bin;C:\Windows\SYSTEM32;C:\Windows\WinSxS\amd64_microsoft.windows.common-controls_6595b64144ccf1df_6.0.19041.1110_none_60b5254171f9507e;C:\Program Files\Java\jdk-17.0.1\bin\server

VM Arguments:
jvm_args: -Dfile.encoding=utf8 
java_command: c:\Users\Samuel Girma Megra\.vscode\extensions\vscjava.vscode-gradle-3.12.6\lib\gradle-language-server.jar
java_class_path (initial): c:\Users\Samuel Girma Megra\.vscode\extensions\vscjava.vscode-gradle-3.12.6\lib\gradle-language-server.jar
Launcher Type: SUN_STANDARD

[Global flags]
     intx CICompilerCount                          = 4                                         {product} {ergonomic}
     uint ConcGCThreads                            = 2                                         {product} {ergonomic}
     uint G1ConcRefinementThreads                  = 8                                         {product} {ergonomic}
   size_t G1HeapRegionSize                         = 2097152                                   {product} {ergonomic}
    uintx GCDrainStackTargetSize                   = 64                                        {product} {ergonomic}
   size_t InitialHeapSize                          = 264241152                                 {product} {ergonomic}
   size_t MarkStackSize                            = 4194304                                   {product} {ergonomic}
   size_t MaxHeapSize                              = 4211081216                                {product} {ergonomic}
   size_t MaxNewSize                               = 2524971008                                {product} {ergonomic}
   size_t MinHeapDeltaBytes                        = 2097152                                   {product} {ergonomic}
   size_t MinHeapSize                              = 8388608                                   {product} {ergonomic}
    uintx NonNMethodCodeHeapSize                   = 5839372                                {pd product} {ergonomic}
    uintx NonProfiledCodeHeapSize                  = 122909434                              {pd product} {ergonomic}
    uintx ProfiledCodeHeapSize                     = 122909434                              {pd product} {ergonomic}
    uintx ReservedCodeCacheSize                    = 251658240                              {pd product} {ergonomic}
     bool SegmentedCodeCache                       = true                                      {product} {ergonomic}
   size_t SoftMaxHeapSize                          = 4211081216                             {manageable} {ergonomic}
     bool UseCompressedClassPointers               = true                           {product lp64_product} {ergonomic}
     bool UseCompressedOops                        = true                           {product lp64_product} {ergonomic}
     bool UseG1GC                                  = true                                      {product} {ergonomic}
     bool UseLargePagesIndividualAllocation        = false                                  {pd product} {ergonomic}

Logging:
Log output configuration:
 #0: stdout all=warning uptime,level,tags
 #1: stderr all=off uptime,level,tags

Environment Variables:
JAVA_HOME=C:\Program Files\Java\jdk-17.0.1
PATH=C:\Program Files\Python310\Scripts\;C:\Program Files\Python310\;C:\Program Files\Common Files\Oracle\Java\javapath;C:\Program Files (x86)\Common Files\Oracle\Java\javapath;C:\Windows\system32;C:\Windows;C:\Windows\System32\Wbem;C:\Windows\System32\WindowsPowerShell\v1.0\;C:\Windows\System32\OpenSSH\;C:\Program Files (x86)\NVIDIA Corporation\PhysX\Common;C:\Program Files\NVIDIA Corporation\NVIDIA NvDLISR;C:\Program Files\Git\cmd;C:\Program Files\Java\jdk-17.0.1\bin;C:\Program Files\apache-maven-3.8.4\bin;C:\Program Files\MongoDB\Server\5.0\bin;C:\Program Files\MySQL\MySQL Server 8.0\bin;C:\Program Files\dotnet\;C:\Program Files\Microsoft SQL Server\150\Tools\Binn\;C:\Users\Samuel Girma Megra\AppData\Local\bin\NASM;C:\Users\Samuel Girma Megra\AppData\Roaming\nvm;C:\Program Files\nodejs;C:\Ruby30-x64\bin;C:\Program Files\apache-maven-3.8.4\bin;C:\Users\Samuel Girma Megra\AppData\Local\Programs\mongosh\;C:\Users\Samuel Girma Megra\AppData\Local\Programs\Microsoft VS Code\bin;C:\src\flutter\bin;C:\Users\Samuel Girma Megra\AppData\Roaming\npm;C:\Users\Samuel Girma Megra\AppData\Roaming\nvm;C:\Program Files\nodejs;C:\MinGW\bin;;C:\Program Files\JetBrains\PyCharm Community Edition 2022.3\bin;
USERNAME=samuel
OS=Windows_NT
PROCESSOR_IDENTIFIER=Intel64 Family 6 Model 140 Stepping 1, GenuineIntel



---------------  S Y S T E M  ---------------

OS:
 Windows 10 , 64 bit Build 19041 (10.0.19041.2364)
OS uptime: 0 days 2:25 hours

CPU: total 8 (initial active 8) (4 cores per cpu, 2 threads per core) family 6 model 140 stepping 1 microcode 0x86, cx8, cmov, fxsr, ht, mmx, 3dnowpref, sse, sse2, sse3, ssse3, sse4.1, sse4.2, popcnt, lzcnt, tsc, tscinvbit, avx, avx2, aes, erms, clmul, bmi1, bmi2, adx, avx512f, avx512dq, avx512cd, avx512bw, avx512vl, sha, fma, vzeroupper, avx512_vpopcntdq, avx512_vpclmulqdq, avx512_vaes, avx512_vnni, clflush, clflushopt, clwb, avx512_vbmi2, avx512_vbmi

Memory: 4k page, system-wide physical 16061M (4112M free)
TotalPageFile size 16061M (AvailPageFile size 335M)
current process WorkingSet (physical memory assigned to process): 56M, peak: 56M
current process commit charge ("private bytes"): 350M, peak: 352M

vm_info: Java HotSpot(TM) 64-Bit Server VM (17.0.1+12-LTS-39) for windows-amd64 JRE (17.0.1+12-LTS-39), built on Sep 27 2021 18:41:35 by "mach5one" with MS VC++ 16.8 (VS2019)

END.
