#
# There is insufficient memory for the Java Runtime Environment to continue.
# Native memory allocation (mmap) failed to map 264241152 bytes for G1 virtual space
# Possible reasons:
#   The system is out of physical RAM or swap space
#   The process is running with CompressedOops enabled, and the Java Heap may be blocking the growth of the native heap
# Possible solutions:
#   Reduce memory load on the system
#   Increase physical memory or swap space
#   Check if swap backing store is full
#   Decrease Java heap size (-Xmx/-Xms)
#   Decrease number of Java threads
#   Decrease Java thread stack sizes (-Xss)
#   Set larger code cache with -XX:ReservedCodeCacheSize=
#   JVM is running with Zero Based Compressed Oops mode in which the Java heap is
#     placed in the first 32GB address space. The Java Heap base address is the
#     maximum limit for the native heap growth. Please use -XX:HeapBaseMinAddress
#     to set the Java Heap base and to place the Java Heap above 32GB virtual address.
# This output file may be truncated or incomplete.
#
#  Out of Memory Error (os_windows.cpp:3469), pid=2116, tid=19832
#
# JRE version:  (17.0.1+12) (build )
# Java VM: Java HotSpot(TM) 64-Bit Server VM (17.0.1+12-LTS-39, mixed mode, sharing, tiered, compressed oops, compressed class ptrs, g1 gc, windows-amd64)
# No core dump will be written. Minidumps are not enabled by default on client versions of Windows
#

---------------  S U M M A R Y ------------

Command Line: -Dfile.encoding=utf8 c:\Users\Samuel Girma Megra\.vscode\extensions\vscjava.vscode-gradle-3.12.6\lib\gradle-language-server.jar

Host: 11th Gen Intel(R) Core(TM) i7-11370H @ 3.30GHz, 8 cores, 15G,  Windows 10 , 64 bit Build 19041 (10.0.19041.2364)
Time: Mon Jan 23 17:23:48 2023 E. Africa Standard Time elapsed time: 0.007487 seconds (0d 0h 0m 0s)

---------------  T H R E A D  ---------------

Current thread (0x00000166ce30e290):  JavaThread "Unknown thread" [_thread_in_vm, id=19832, stack(0x00000034b7a00000,0x00000034b7b00000)]

Stack: [0x00000034b7a00000,0x00000034b7b00000]
Native frames: (J=compiled Java code, j=interpreted, Vv=VM code, C=native code)
V  [jvm.dll+0x66fa1a]
V  [jvm.dll+0x7ce5a4]
V  [jvm.dll+0x7cfd4e]
V  [jvm.dll+0x7d03b3]
V  [jvm.dll+0x242b05]
V  [jvm.dll+0x66ca39]
V  [jvm.dll+0x661502]
V  [jvm.dll+0x30081b]
V  [jvm.dll+0x307da6]
V  [jvm.dll+0x357a1e]
V  [jvm.dll+0x357c4f]
V  [jvm.dll+0x2d7ad8]
V  [jvm.dll+0x2d8a44]
V  [jvm.dll+0x7a01e1]
V  [jvm.dll+0x365791]
V  [jvm.dll+0x77f6cc]
V  [jvm.dll+0x3e812f]
V  [jvm.dll+0x3e9bd1]
C  [jli.dll+0x527b]
C  [ucrtbase.dll+0x21bb2]
C  [KERNEL32.DLL+0x17614]
C  [ntdll.dll+0x526a1]


---------------  P R O C E S S  ---------------

Threads class SMR info:
_java_thread_list=0x00007ffd13a17818, length=0, elements={
}

Java Threads: ( => current thread )

Other Threads:
  0x00000166ce35f8a0 GCTaskThread "GC Thread#0" [stack: 0x00000034b7b00000,0x00000034b7c00000] [id=23740]
  0x00000166ce3702e0 ConcurrentGCThread "G1 Main Marker" [stack: 0x00000034b7c00000,0x00000034b7d00000] [id=23748]
  0x00000166ce371490 ConcurrentGCThread "G1 Conc#0" [stack: 0x00000034b7d00000,0x00000034b7e00000] [id=22996]

[error occurred during error reporting (printing all threads), id 0xc0000005, EXCEPTION_ACCESS_VIOLATION (0xc0000005) at pc=0x00007ffd132684b7]

VM state: not at safepoint (not fully initialized)

VM Mutex/Monitor currently owned by a thread:  ([mutex/lock_event])
[0x00000166ce30b760] Heap_lock - owner thread: 0x00000166ce30e290

Heap address: 0x0000000705000000, size: 4016 MB, Compressed Oops mode: Zero based, Oop shift amount: 3

CDS archive(s) mapped at: [0x0000000000000000-0x0000000000000000-0x0000000000000000), size 0, SharedBaseAddress: 0x0000000800000000, ArchiveRelocationMode: 0.
Narrow klass base: 0x0000000000000000, Narrow klass shift: 0, Narrow klass range: 0x0

GC Precious Log:
<Empty>

Heap:
 garbage-first heap   total 0K, used 0K [0x0000000705000000, 0x0000000800000000)
  region size 2048K, 0 young (0K), 0 survivors (0K)

[error occurred during error reporting (printing heap information), id 0xc0000005, EXCEPTION_ACCESS_VIOLATION (0xc0000005) at pc=0x00007ffd13648d89]

GC Heap History (0 events):
No events

Deoptimization events (0 events):
No events

Classes unloaded (0 events):
No events

Classes redefined (0 events):
No events

Internal exceptions (0 events):
No events

VM Operations (0 events):
No events

Events (1 events):
Event: 0.005 Loaded shared library C:\Program Files\Java\jdk-17.0.1\bin\java.dll


Dynamic libraries:
0x00007ff75de70000 - 0x00007ff75de80000 	C:\Program Files\Java\jdk-17.0.1\bin\java.exe
0x00007ffd72410000 - 0x00007ffd72608000 	C:\Windows\SYSTEM32\ntdll.dll
0x00007ffd71710000 - 0x00007ffd717cf000 	C:\Windows\System32\KERNEL32.DLL
0x00007ffd6fcc0000 - 0x00007ffd6ff92000 	C:\Windows\System32\KERNELBASE.dll
0x00007ffd6fbc0000 - 0x00007ffd6fcc0000 	C:\Windows\System32\ucrtbase.dll
0x00007ffd53c70000 - 0x00007ffd53c8a000 	C:\Program Files\Java\jdk-17.0.1\bin\VCRUNTIME140.dll
0x00007ffd4daf0000 - 0x00007ffd4db08000 	C:\Program Files\Java\jdk-17.0.1\bin\jli.dll
0x00007ffd71ea0000 - 0x00007ffd71f4e000 	C:\Windows\System32\ADVAPI32.dll
0x00007ffd70b50000 - 0x00007ffd70bee000 	C:\Windows\System32\msvcrt.dll
0x00007ffd71f70000 - 0x00007ffd7200c000 	C:\Windows\System32\sechost.dll
0x00007ffd70870000 - 0x00007ffd70995000 	C:\Windows\System32\RPCRT4.dll
0x00007ffd709a0000 - 0x00007ffd70b41000 	C:\Windows\System32\USER32.dll
0x00007ffd6fb90000 - 0x00007ffd6fbb2000 	C:\Windows\System32\win32u.dll
0x00007ffd58c30000 - 0x00007ffd58eca000 	C:\Windows\WinSxS\amd64_microsoft.windows.common-controls_6595b64144ccf1df_6.0.19041.1110_none_60b5254171f9507e\COMCTL32.dll
0x00007ffd716e0000 - 0x00007ffd7170b000 	C:\Windows\System32\GDI32.dll
0x00007ffd6ffa0000 - 0x00007ffd700af000 	C:\Windows\System32\gdi32full.dll
0x00007ffd703b0000 - 0x00007ffd7044d000 	C:\Windows\System32\msvcp_win.dll
0x00007ffd63d90000 - 0x00007ffd63d9a000 	C:\Windows\SYSTEM32\VERSION.dll
0x00007ffd72070000 - 0x00007ffd720a2000 	C:\Windows\System32\IMM32.DLL
0x00007ffd54bc0000 - 0x00007ffd54bcc000 	C:\Program Files\Java\jdk-17.0.1\bin\vcruntime140_1.dll
0x00007ffd1db30000 - 0x00007ffd1dbbd000 	C:\Program Files\Java\jdk-17.0.1\bin\msvcp140.dll
0x00007ffd12f80000 - 0x00007ffd13b3e000 	C:\Program Files\Java\jdk-17.0.1\bin\server\jvm.dll
0x00007ffd71cb0000 - 0x00007ffd71cb8000 	C:\Windows\System32\PSAPI.DLL
0x00007ffd4a360000 - 0x00007ffd4a369000 	C:\Windows\SYSTEM32\WSOCK32.dll
0x00007ffd717d0000 - 0x00007ffd7183b000 	C:\Windows\System32\WS2_32.dll
0x00007ffd57910000 - 0x00007ffd57937000 	C:\Windows\SYSTEM32\WINMM.dll
0x00007ffd6e690000 - 0x00007ffd6e6a2000 	C:\Windows\SYSTEM32\kernel.appcore.dll
0x00007ffd54530000 - 0x00007ffd5453a000 	C:\Program Files\Java\jdk-17.0.1\bin\jimage.dll
0x00007ffd6e140000 - 0x00007ffd6e324000 	C:\Windows\SYSTEM32\DBGHELP.DLL
0x00007ffd57f10000 - 0x00007ffd57f45000 	C:\Windows\SYSTEM32\dbgcore.DLL
0x00007ffd6fb00000 - 0x00007ffd6fb82000 	C:\Windows\System32\bcryptPrimitives.dll
0x00007ffd3ea80000 - 0x00007ffd3eaa5000 	C:\Program Files\Java\jdk-17.0.1\bin\java.dll

dbghelp: loaded successfully - version: 4.0.5 - missing functions: none
symbol engine: initialized successfully - sym options: 0x614 - pdb path: .;C:\Program Files\Java\jdk-17.0.1\bin;C:\Windows\SYSTEM32;C:\Windows\WinSxS\amd64_microsoft.windows.common-controls_6595b64144ccf1df_6.0.19041.1110_none_60b5254171f9507e;C:\Program Files\Java\jdk-17.0.1\bin\server

VM Arguments:
jvm_args: -Dfile.encoding=utf8 
java_command: c:\Users\Samuel Girma Megra\.vscode\extensions\vscjava.vscode-gradle-3.12.6\lib\gradle-language-server.jar
java_class_path (initial): c:\Users\Samuel Girma Megra\.vscode\extensions\vscjava.vscode-gradle-3.12.6\lib\gradle-language-server.jar
Launcher Type: SUN_STANDARD

[Global flags]
     intx CICompilerCount                          = 4                                         {product} {ergonomic}
     uint ConcGCThreads                            = 2                                         {product} {ergonomic}
     uint G1ConcRefinementThreads                  = 8                                         {product} {ergonomic}
   size_t G1HeapRegionSize                         = 2097152                                   {product} {ergonomic}
    uintx GCDrainStackTargetSize                   = 64                                        {product} {ergonomic}
   size_t InitialHeapSize                          = 264241152                                 {product} {ergonomic}
   size_t MarkStackSize                            = 4194304                                   {product} {ergonomic}
   size_t MaxHeapSize                              = 4211081216                                {product} {ergonomic}
   size_t MinHeapDeltaBytes                        = 2097152                                   {product} {ergonomic}
   size_t MinHeapSize                              = 8388608                                   {product} {ergonomic}
    uintx NonNMethodCodeHeapSize                   = 5839372                                {pd product} {ergonomic}
    uintx NonProfiledCodeHeapSize                  = 122909434                              {pd product} {ergonomic}
    uintx ProfiledCodeHeapSize                     = 122909434                              {pd product} {ergonomic}
    uintx ReservedCodeCacheSize                    = 251658240                              {pd product} {ergonomic}
     bool SegmentedCodeCache                       = true                                      {product} {ergonomic}
   size_t SoftMaxHeapSize                          = 4211081216                             {manageable} {ergonomic}
     bool UseCompressedClassPointers               = true                           {product lp64_product} {ergonomic}
     bool UseCompressedOops                        = true                           {product lp64_product} {ergonomic}
     bool UseG1GC                                  = true                                      {product} {ergonomic}
     bool UseLargePagesIndividualAllocation        = false                                  {pd product} {ergonomic}

Logging:
Log output configuration:
 #0: stdout all=warning uptime,level,tags
 #1: stderr all=off uptime,level,tags

Environment Variables:
JAVA_HOME=C:\Program Files\Java\jdk-17.0.1
PATH=C:\Program Files\Python310\Scripts\;C:\Program Files\Python310\;C:\Program Files\Common Files\Oracle\Java\javapath;C:\Program Files (x86)\Common Files\Oracle\Java\javapath;C:\Windows\system32;C:\Windows;C:\Windows\System32\Wbem;C:\Windows\System32\WindowsPowerShell\v1.0\;C:\Windows\System32\OpenSSH\;C:\Program Files (x86)\NVIDIA Corporation\PhysX\Common;C:\Program Files\NVIDIA Corporation\NVIDIA NvDLISR;C:\Program Files\Git\cmd;C:\Program Files\Java\jdk-17.0.1\bin;C:\Program Files\apache-maven-3.8.4\bin;C:\Program Files\MongoDB\Server\5.0\bin;C:\Program Files\MySQL\MySQL Server 8.0\bin;C:\Program Files\dotnet\;C:\Program Files\Microsoft SQL Server\150\Tools\Binn\;C:\Users\Samuel Girma Megra\AppData\Local\bin\NASM;C:\Users\Samuel Girma Megra\AppData\Roaming\nvm;C:\Program Files\nodejs;C:\Ruby30-x64\bin;C:\Program Files\apache-maven-3.8.4\bin;C:\Users\Samuel Girma Megra\AppData\Local\Programs\mongosh\;C:\Users\Samuel Girma Megra\AppData\Local\Programs\Microsoft VS Code\bin;C:\src\flutter\bin;C:\Users\Samuel Girma Megra\AppData\Roaming\npm;C:\Users\Samuel Girma Megra\AppData\Roaming\nvm;C:\Program Files\nodejs;C:\MinGW\bin;;C:\Program Files\JetBrains\PyCharm Community Edition 2022.3\bin;
USERNAME=samuel
OS=Windows_NT
PROCESSOR_IDENTIFIER=Intel64 Family 6 Model 140 Stepping 1, GenuineIntel



---------------  S Y S T E M  ---------------

OS:
 Windows 10 , 64 bit Build 19041 (10.0.19041.2364)
OS uptime: 0 days 5:58 hours

CPU: total 8 (initial active 8) (4 cores per cpu, 2 threads per core) family 6 model 140 stepping 1 microcode 0x86, cx8, cmov, fxsr, ht, mmx, 3dnowpref, sse, sse2, sse3, ssse3, sse4.1, sse4.2, popcnt, lzcnt, tsc, tscinvbit, avx, avx2, aes, erms, clmul, bmi1, bmi2, adx, avx512f, avx512dq, avx512cd, avx512bw, avx512vl, sha, fma, vzeroupper, avx512_vpopcntdq, avx512_vpclmulqdq, avx512_vaes, avx512_vnni, clflush, clflushopt, clwb, avx512_vbmi2, avx512_vbmi

Memory: 4k page, system-wide physical 16061M (3096M free)
TotalPageFile size 16061M (AvailPageFile size 144M)
current process WorkingSet (physical memory assigned to process): 10M, peak: 10M
current process commit charge ("private bytes"): 60M, peak: 312M

vm_info: Java HotSpot(TM) 64-Bit Server VM (17.0.1+12-LTS-39) for windows-amd64 JRE (17.0.1+12-LTS-39), built on Sep 27 2021 18:41:35 by "mach5one" with MS VC++ 16.8 (VS2019)

END.
